# JRE version: OpenJDK Runtime Environment (8.0_202-b03) (build 1.8.0_202-release-1483-b03)
# Java VM: OpenJDK 64-Bit Server VM (25.202-b03 mixed mode windows-amd64 compressed oops)
Heap:
 PSYoungGen      total 477696K, used 19987K [0x00000000e0000000, 0x0000000100000000, 0x0000000100000000)
  eden space 435712K, 3% used [0x00000000e0000000,0x00000000e0e56108,0x00000000fa980000)
  from space 41984K, 12% used [0x00000000fa980000,0x00000000faeaec50,0x00000000fd280000)
  to   space 41984K, 0% used [0x00000000fd700000,0x00000000fd700000,0x0000000100000000)
 ParOldGen       total 276480K, used 177025K [0x00000000a0000000, 0x00000000b0e00000, 0x00000000e0000000)
  object space 276480K, 64% used [0x00000000a0000000,0x00000000aace0748,0x00000000b0e00000)
 Metaspace       used 86754K, capacity 90986K, committed 91392K, reserved 1128448K
  class space    used 11230K, capacity 12102K, committed 12288K, reserved 1048576K
GC Heap History (10 events):
Event: 158.530 GC heap before
{Heap before GC invocations=35 (full 4):
 PSYoungGen      total 472576K, used 450399K [0x00000000e0000000, 0x00000000ffa00000, 0x0000000100000000)
  eden space 430080K, 100% used [0x00000000e0000000,0x00000000fa400000,0x00000000fa400000)
  from space 42496K, 47% used [0x00000000fd080000,0x00000000fe457ec0,0x00000000ffa00000)
  to   space 44032K, 0% used [0x00000000fa400000,0x00000000fa400000,0x00000000fcf00000)
 ParOldGen       total 276480K, used 134570K [0x00000000a0000000, 0x00000000b0e00000, 0x00000000e0000000)
  object space 276480K, 48% used [0x00000000a0000000,0x00000000a836a910,0x00000000b0e00000)
 Metaspace       used 86675K, capacity 90854K, committed 91136K, reserved 1128448K
  class space    used 11227K, capacity 12102K, committed 12288K, reserved 1048576K
Event: 158.560 GC heap after
Heap after GC invocations=35 (full 4):
 PSYoungGen      total 474112K, used 13756K [0x00000000e0000000, 0x0000000100000000, 0x0000000100000000)
  eden space 430080K, 0% used [0x00000000e0000000,0x00000000e0000000,0x00000000fa400000)
  from space 44032K, 31% used [0x00000000fa400000,0x00000000fb16f2d0,0x00000000fcf00000)
  to   space 43520K, 0% used [0x00000000fd580000,0x00000000fd580000,0x0000000100000000)
 ParOldGen       total 276480K, used 146645K [0x00000000a0000000, 0x00000000b0e00000, 0x00000000e0000000)
  object space 276480K, 53% used [0x00000000a0000000,0x00000000a8f35520,0x00000000b0e00000)
 Metaspace       used 86675K, capacity 90854K, committed 91136K, reserved 1128448K
  class space    used 11227K, capacity 12102K, committed 12288K, reserved 1048576K
}
Event: 158.572 GC heap before
{Heap before GC invocations=36 (full 4):
 PSYoungGen      total 474112K, used 21450K [0x00000000e0000000, 0x0000000100000000, 0x0000000100000000)
  eden space 430080K, 1% used [0x00000000e0000000,0x00000000e0783750,0x00000000fa400000)
  from space 44032K, 31% used [0x00000000fa400000,0x00000000fb16f2d0,0x00000000fcf00000)
  to   space 43520K, 0% used [0x00000000fd580000,0x00000000fd580000,0x0000000100000000)
 ParOldGen       total 276480K, used 146645K [0x00000000a0000000, 0x00000000b0e00000, 0x00000000e0000000)
  object space 276480K, 53% used [0x00000000a0000000,0x00000000a8f35520,0x00000000b0e00000)
 Metaspace       used 86675K, capacity 90854K, committed 91136K, reserved 1128448K
  class space    used 11227K, capacity 12102K, committed 12288K, reserved 1048576K
Event: 158.595 GC heap after
Heap after GC invocations=36 (full 4):
 PSYoungGen      total 478720K, used 128K [0x00000000e0000000, 0x0000000100000000, 0x0000000100000000)
  eden space 435200K, 0% used [0x00000000e0000000,0x00000000e0000000,0x00000000fa900000)
  from space 43520K, 0% used [0x00000000fd580000,0x00000000fd5a0000,0x0000000100000000)
  to   space 44544K, 0% used [0x00000000fa900000,0x00000000fa900000,0x00000000fd480000)
 ParOldGen       total 276480K, used 159579K [0x00000000a0000000, 0x00000000b0e00000, 0x00000000e0000000)
  object space 276480K, 57% used [0x00000000a0000000,0x00000000a9bd6e08,0x00000000b0e00000)
 Metaspace       used 86675K, capacity 90854K, committed 91136K, reserved 1128448K
  class space    used 11227K, capacity 12102K, committed 12288K, reserved 1048576K
}
Event: 160.193 GC heap before
{Heap before GC invocations=37 (full 4):
 PSYoungGen      total 478720K, used 435328K [0x00000000e0000000, 0x0000000100000000, 0x0000000100000000)
  eden space 435200K, 100% used [0x00000000e0000000,0x00000000fa900000,0x00000000fa900000)
  from space 43520K, 0% used [0x00000000fd580000,0x00000000fd5a0000,0x0000000100000000)
  to   space 44544K, 0% used [0x00000000fa900000,0x00000000fa900000,0x00000000fd480000)
 ParOldGen       total 276480K, used 161032K [0x00000000a0000000, 0x00000000b0e00000, 0x00000000e0000000)
  object space 276480K, 58% used [0x00000000a0000000,0x00000000a9d423b8,0x00000000b0e00000)
 Metaspace       used 86716K, capacity 90986K, committed 91392K, reserved 1128448K
  class space    used 11230K, capacity 12102K, committed 12288K, reserved 1048576K
Event: 160.222 GC heap after
Heap after GC invocations=37 (full 4):
 PSYoungGen      total 479744K, used 9028K [0x00000000e0000000, 0x0000000100000000, 0x0000000100000000)
  eden space 435200K, 0% used [0x00000000e0000000,0x00000000e0000000,0x00000000fa900000)
  from space 44544K, 20% used [0x00000000fa900000,0x00000000fb1d1398,0x00000000fd480000)
  to   space 44032K, 0% used [0x00000000fd500000,0x00000000fd500000,0x0000000100000000)
 ParOldGen       total 276480K, used 161088K [0x00000000a0000000, 0x00000000b0e00000, 0x00000000e0000000)
  object space 276480K, 58% used [0x00000000a0000000,0x00000000a9d503b8,0x00000000b0e00000)
 Metaspace       used 86716K, capacity 90986K, committed 91392K, reserved 1128448K
  class space    used 11230K, capacity 12102K, committed 12288K, reserved 1048576K
}
Event: 161.972 GC heap before
{Heap before GC invocations=38 (full 4):
 PSYoungGen      total 479744K, used 444228K [0x00000000e0000000, 0x0000000100000000, 0x0000000100000000)
  eden space 435200K, 100% used [0x00000000e0000000,0x00000000fa900000,0x00000000fa900000)
  from space 44544K, 20% used [0x00000000fa900000,0x00000000fb1d1398,0x00000000fd480000)
  to   space 44032K, 0% used [0x00000000fd500000,0x00000000fd500000,0x0000000100000000)
 ParOldGen       total 276480K, used 161090K [0x00000000a0000000, 0x00000000b0e00000, 0x00000000e0000000)
  object space 276480K, 58% used [0x00000000a0000000,0x00000000a9d50b68,0x00000000b0e00000)
 Metaspace       used 86736K, capacity 90986K, committed 91392K, reserved 1128448K
  class space    used 11230K, capacity 12102K, committed 12288K, reserved 1048576K
Event: 162.173 GC heap after
Heap after GC invocations=38 (full 4):
 PSYoungGen      total 475136K, used 14543K [0x00000000e0000000, 0x00000000ffb80000, 0x0000000100000000)
  eden space 435712K, 0% used [0x00000000e0000000,0x00000000e0000000,0x00000000fa980000)
  from space 39424K, 36% used [0x00000000fd500000,0x00000000fe333f88,0x00000000ffb80000)
  to   space 41984K, 0% used [0x00000000fa980000,0x00000000fa980000,0x00000000fd280000)
 ParOldGen       total 276480K, used 166199K [0x00000000a0000000, 0x00000000b0e00000, 0x00000000e0000000)
  object space 276480K, 60% used [0x00000000a0000000,0x00000000aa24dfb0,0x00000000b0e00000)
 Metaspace       used 86736K, capacity 90986K, committed 91392K, reserved 1128448K
  class space    used 11230K, capacity 12102K, committed 12288K, reserved 1048576K
}
Event: 164.167 GC heap before
{Heap before GC invocations=39 (full 4):
 PSYoungGen      total 475136K, used 450255K [0x00000000e0000000, 0x00000000ffb80000, 0x0000000100000000)
  eden space 435712K, 100% used [0x00000000e0000000,0x00000000fa980000,0x00000000fa980000)
  from space 39424K, 36% used [0x00000000fd500000,0x00000000fe333f88,0x00000000ffb80000)
  to   space 41984K, 0% used [0x00000000fa980000,0x00000000fa980000,0x00000000fd280000)
 ParOldGen       total 276480K, used 166199K [0x00000000a0000000, 0x00000000b0e00000, 0x00000000e0000000)
  object space 276480K, 60% used [0x00000000a0000000,0x00000000aa24dfb0,0x00000000b0e00000)
 Metaspace       used 86754K, capacity 90986K, committed 91392K, reserved 1128448K
  class space    used 11230K, capacity 12102K, committed 12288K, reserved 1048576K
Event: 164.486 GC heap after
Heap after GC invocations=39 (full 4):
 PSYoungGen      total 477696K, used 5307K [0x00000000e0000000, 0x0000000100000000, 0x0000000100000000)
  eden space 435712K, 0% used [0x00000000e0000000,0x00000000e0000000,0x00000000fa980000)
  from space 41984K, 12% used [0x00000000fa980000,0x00000000faeaec50,0x00000000fd280000)
  to   space 41984K, 0% used [0x00000000fd700000,0x00000000fd700000,0x0000000100000000)
 ParOldGen       total 276480K, used 177025K [0x00000000a0000000, 0x00000000b0e00000, 0x00000000e0000000)
  object space 276480K, 64% used [0x00000000a0000000,0x00000000aace0748,0x00000000b0e00000)
 Metaspace       used 86754K, capacity 90986K, committed 91392K, reserved 1128448K
  class space    used 11230K, capacity 12102K, committed 12288K, reserved 1048576K
}

